0 info it worked if it ends with ok
1 verbose cli [ '/usr/bin/nodejs',
1 verbose cli   '/usr/bin/npm',
1 verbose cli   'install',
1 verbose cli   'fibers@1.0.1',
1 verbose cli   '-g' ]
2 info using npm@2.14.12
3 info using node@v4.3.1
4 verbose install initial load of /usr/lib/package.json
5 verbose readDependencies loading dependencies from /usr/lib/package.json
6 silly cache add args [ 'fibers@1.0.1', null ]
7 verbose cache add spec fibers@1.0.1
8 silly cache add parsed spec Result {
8 silly cache add   raw: 'fibers@1.0.1',
8 silly cache add   scope: null,
8 silly cache add   name: 'fibers',
8 silly cache add   rawSpec: '1.0.1',
8 silly cache add   spec: '1.0.1',
8 silly cache add   type: 'version' }
9 silly addNamed fibers@1.0.1
10 verbose addNamed "1.0.1" is a plain semver version for fibers
11 silly mapToRegistry name fibers
12 silly mapToRegistry using default registry
13 silly mapToRegistry registry https://registry.npmjs.org/
14 silly mapToRegistry uri https://registry.npmjs.org/fibers
15 verbose addNameVersion registry:https://registry.npmjs.org/fibers not in flight; fetching
16 verbose request uri https://registry.npmjs.org/fibers
17 verbose request no auth needed
18 info attempt registry request try #1 at 7:26:18 PM
19 verbose request id 9412d03ad89f44f4
20 http request GET https://registry.npmjs.org/fibers
21 http 200 https://registry.npmjs.org/fibers
22 verbose headers { server: 'CouchDB/1.5.0 (Erlang OTP/R16B03)',
22 verbose headers   etag: '"DJNGILR6KBXRGVC6XN927BPIA"',
22 verbose headers   'content-type': 'application/json',
22 verbose headers   'cache-control': 'max-age=300',
22 verbose headers   'content-length': '56686',
22 verbose headers   'accept-ranges': 'bytes',
22 verbose headers   date: 'Sat, 20 Feb 2016 03:26:19 GMT',
22 verbose headers   via: '1.1 varnish',
22 verbose headers   age: '0',
22 verbose headers   connection: 'keep-alive',
22 verbose headers   'x-served-by': 'cache-lax1425-LAX',
22 verbose headers   'x-cache': 'HIT',
22 verbose headers   'x-cache-hits': '1',
22 verbose headers   'x-timer': 'S1455938779.102707,VS0,VE179',
22 verbose headers   vary: 'Accept' }
23 silly get cb [ 200,
23 silly get   { server: 'CouchDB/1.5.0 (Erlang OTP/R16B03)',
23 silly get     etag: '"DJNGILR6KBXRGVC6XN927BPIA"',
23 silly get     'content-type': 'application/json',
23 silly get     'cache-control': 'max-age=300',
23 silly get     'content-length': '56686',
23 silly get     'accept-ranges': 'bytes',
23 silly get     date: 'Sat, 20 Feb 2016 03:26:19 GMT',
23 silly get     via: '1.1 varnish',
23 silly get     age: '0',
23 silly get     connection: 'keep-alive',
23 silly get     'x-served-by': 'cache-lax1425-LAX',
23 silly get     'x-cache': 'HIT',
23 silly get     'x-cache-hits': '1',
23 silly get     'x-timer': 'S1455938779.102707,VS0,VE179',
23 silly get     vary: 'Accept' } ]
24 verbose get saving fibers to /home/peter/.npm/registry.npmjs.org/fibers/.cache.json
25 silly mapToRegistry name fibers
26 silly mapToRegistry using default registry
27 silly mapToRegistry registry https://registry.npmjs.org/
28 silly mapToRegistry uri https://registry.npmjs.org/fibers
29 verbose addRemoteTarball https://registry.npmjs.org/fibers/-/fibers-1.0.1.tgz not in flight; adding
30 verbose addRemoteTarball [ 'https://registry.npmjs.org/fibers/-/fibers-1.0.1.tgz',
30 verbose addRemoteTarball   '6c4cb3b3815176fc4aad821df67442d8185d7a66' ]
31 info retry fetch attempt 1 at 7:26:19 PM
32 info attempt registry request try #1 at 7:26:19 PM
33 http fetch GET https://registry.npmjs.org/fibers/-/fibers-1.0.1.tgz
34 http fetch 200 https://registry.npmjs.org/fibers/-/fibers-1.0.1.tgz
35 silly fetchAndShaCheck shasum 6c4cb3b3815176fc4aad821df67442d8185d7a66
36 verbose addTmpTarball /tmp/npm-19275-d9555471/registry.npmjs.org/fibers/-/fibers-1.0.1.tgz not in flight; adding
37 verbose addTmpTarball already have metadata; skipping unpack for fibers@1.0.1
38 silly cache afterAdd fibers@1.0.1
39 verbose afterAdd /home/peter/.npm/fibers/1.0.1/package/package.json not in flight; writing
40 verbose afterAdd /home/peter/.npm/fibers/1.0.1/package/package.json written
41 silly install resolved [ { name: 'fibers',
41 silly install resolved     version: '1.0.1',
41 silly install resolved     description: 'Cooperative multi-tasking for Javascript',
41 silly install resolved     keywords:
41 silly install resolved      [ 'fiber',
41 silly install resolved        'fibers',
41 silly install resolved        'coroutine',
41 silly install resolved        'thread',
41 silly install resolved        'async',
41 silly install resolved        'parallel',
41 silly install resolved        'worker',
41 silly install resolved        'future',
41 silly install resolved        'promise' ],
41 silly install resolved     homepage: 'https://github.com/laverdet/node-fibers',
41 silly install resolved     author:
41 silly install resolved      { name: 'Marcel Laverdet',
41 silly install resolved        email: 'marcel@laverdet.com',
41 silly install resolved        url: 'https://github.com/laverdet/' },
41 silly install resolved     main: 'fibers',
41 silly install resolved     scripts: { install: 'node ./build.js', test: 'node ./test.js' },
41 silly install resolved     repository:
41 silly install resolved      { type: 'git',
41 silly install resolved        url: 'git://github.com/laverdet/node-fibers.git' },
41 silly install resolved     engines: { node: '>=0.5.2' },
41 silly install resolved     _id: 'fibers@1.0.1',
41 silly install resolved     dist:
41 silly install resolved      { shasum: '6c4cb3b3815176fc4aad821df67442d8185d7a66',
41 silly install resolved        tarball: 'http://registry.npmjs.org/fibers/-/fibers-1.0.1.tgz' },
41 silly install resolved     _from: 'fibers@1.0.1',
41 silly install resolved     _npmVersion: '1.2.18',
41 silly install resolved     _npmUser: { name: 'laverdet', email: 'marcel.npm@laverdet.com' },
41 silly install resolved     maintainers: [ [Object] ],
41 silly install resolved     directories: {},
41 silly install resolved     _shasum: '6c4cb3b3815176fc4aad821df67442d8185d7a66',
41 silly install resolved     _resolved: 'https://registry.npmjs.org/fibers/-/fibers-1.0.1.tgz' } ]
42 info install fibers@1.0.1 into /usr/lib
43 info installOne fibers@1.0.1
44 verbose installOne of fibers to /usr/lib not in flight; installing
45 verbose lock using /home/peter/.npm/_locks/fibers-fb7bf2a0dfa2dbd5.lock for /usr/lib/node_modules/fibers
46 silly install write writing fibers 1.0.1 to /usr/lib/node_modules/fibers
47 verbose unbuild lib/node_modules/fibers
48 silly gentlyRm /usr/lib/node_modules/fibers is being purged from base /usr
49 verbose gentlyRm don't care about contents; nuking /usr/lib/node_modules/fibers
50 verbose tar unpack /home/peter/.npm/fibers/1.0.1/package.tgz
51 verbose tar unpacking to /usr/lib/node_modules/fibers
52 silly gentlyRm /usr/lib/node_modules/fibers is being purged
53 verbose gentlyRm don't care about contents; nuking /usr/lib/node_modules/fibers
54 silly gunzTarPerm modes [ '755', '644' ]
55 silly gunzTarPerm extractEntry package.json
56 silly gunzTarPerm extractEntry .npmignore
57 silly gunzTarPerm extractEntry README.md
58 silly gunzTarPerm extractEntry LICENSE
59 silly gunzTarPerm extractEntry fibers.js
60 silly gunzTarPerm extractEntry future.js
61 silly gunzTarPerm extractEntry build.js
62 silly gunzTarPerm extractEntry quick-test.js
63 silly gunzTarPerm extractEntry test.js
64 silly gunzTarPerm extractEntry bin/.npmignore
65 silly gunzTarPerm extractEntry bin/win32-x64-v8-3.6/fibers.node
66 silly gunzTarPerm extractEntry bin/darwin-ia32-v8-3.6/fibers.node
67 silly gunzTarPerm extractEntry bin/darwin-x64-v8-3.11/fibers.node
68 silly gunzTarPerm extractEntry bin/darwin-x64-v8-3.6/fibers.node
69 silly gunzTarPerm extractEntry bin/linux-ia32-v8-3.11/fibers.node
70 silly gunzTarPerm extractEntry bin/linux-ia32-v8-3.14/fibers.node
71 silly gunzTarPerm extractEntry bin/linux-ia32-v8-3.6/fibers.node
72 silly gunzTarPerm extractEntry bin/darwin-ia32-v8-3.11/fibers.node
73 silly gunzTarPerm extractEntry bin/linux-x64-v8-3.14/fibers.node
74 silly gunzTarPerm extractEntry bin/linux-x64-v8-3.6/fibers.node
75 silly gunzTarPerm extractEntry bin/win32-ia32-v8-3.11/fibers.node
76 silly gunzTarPerm extractEntry bin/win32-ia32-v8-3.14/fibers.node
77 silly gunzTarPerm extractEntry bin/win32-ia32-v8-3.6/fibers.node
78 silly gunzTarPerm extractEntry bin/win32-x64-v8-3.11/fibers.node
79 silly gunzTarPerm extractEntry bin/win32-x64-v8-3.14/fibers.node
80 silly gunzTarPerm extractEntry bin/linux-x64-v8-3.11/fibers.node
81 silly gunzTarPerm extractEntry binding.gyp
82 silly gunzTarPerm extractEntry src/coroutine.cc
83 silly gunzTarPerm extractEntry src/coroutine.h
84 silly gunzTarPerm extractEntry src/fibers.cc
85 silly gunzTarPerm extractEntry src/libcoro/README
86 silly gunzTarPerm extractEntry src/libcoro/LICENSE
87 silly gunzTarPerm extractEntry src/libcoro/conftest.c
88 silly gunzTarPerm extractEntry src/libcoro/coro.c
89 silly gunzTarPerm extractEntry src/libcoro/coro.h
90 silly gunzTarPerm extractEntry test/already-running.js
91 silly gunzTarPerm extractEntry test/exit.js
92 silly gunzTarPerm extractEntry test/fibonacci.js
93 silly gunzTarPerm extractEntry test/finish-multiple.js
94 silly gunzTarPerm extractEntry test/exec.js
95 silly gunzTarPerm extractEntry test/future.js
96 silly gunzTarPerm extractEntry test/illegal-yield.js
97 silly gunzTarPerm extractEntry test/pool.js
98 silly gunzTarPerm extractEntry test/process-title.js
99 silly gunzTarPerm extractEntry test/stack-overflow.js
100 silly gunzTarPerm extractEntry test/current.js
101 silly gunzTarPerm extractEntry test/stack-overflow2.js
102 silly gunzTarPerm extractEntry test/child-process.js
103 silly gunzTarPerm extractEntry test/started.js
104 silly gunzTarPerm extractEntry test/bad-context.js
105 silly gunzTarPerm extractEntry test/unwind.js
106 silly gunzTarPerm extractEntry test/future-exception.js
107 verbose write writing to /usr/lib/node_modules/fibers/package.json
108 info preinstall fibers@1.0.1
109 verbose readDependencies loading dependencies from /usr/lib/node_modules/fibers/package.json
110 verbose readDependencies loading dependencies from /usr/lib/node_modules/fibers/package.json
111 silly install resolved []
112 verbose about to build /usr/lib/node_modules/fibers
113 info build /usr/lib/node_modules/fibers
114 info linkStuff fibers@1.0.1
115 silly linkStuff fibers@1.0.1 has /usr/lib/node_modules as its parent node_modules
116 silly linkStuff fibers@1.0.1 is part of a global install
117 silly linkStuff fibers@1.0.1 is installed into a global node_modules
118 silly linkStuff fibers@1.0.1 is installed into the top-level global node_modules
119 verbose linkBins fibers@1.0.1
120 verbose linkMans fibers@1.0.1
121 verbose rebuildBundles fibers@1.0.1
122 info install fibers@1.0.1
123 verbose unsafe-perm in lifecycle false
124 info fibers@1.0.1 Failed to exec install script
125 verbose unlock done using /home/peter/.npm/_locks/fibers-fb7bf2a0dfa2dbd5.lock for /usr/lib/node_modules/fibers
126 verbose stack Error: fibers@1.0.1 install: `node ./build.js`
126 verbose stack Exit status 1
126 verbose stack     at EventEmitter.<anonymous> (/usr/lib/node_modules/npm/lib/utils/lifecycle.js:214:16)
126 verbose stack     at emitTwo (events.js:87:13)
126 verbose stack     at EventEmitter.emit (events.js:172:7)
126 verbose stack     at ChildProcess.<anonymous> (/usr/lib/node_modules/npm/lib/utils/spawn.js:24:14)
126 verbose stack     at emitTwo (events.js:87:13)
126 verbose stack     at ChildProcess.emit (events.js:172:7)
126 verbose stack     at maybeClose (internal/child_process.js:821:16)
126 verbose stack     at Process.ChildProcess._handle.onexit (internal/child_process.js:211:5)
127 verbose pkgid fibers@1.0.1
128 verbose cwd /home/peter/Desktop/carvicer-web
129 error Linux 3.16.0-44-generic
130 error argv "/usr/bin/nodejs" "/usr/bin/npm" "install" "fibers@1.0.1" "-g"
131 error node v4.3.1
132 error npm  v2.14.12
133 error code ELIFECYCLE
134 error fibers@1.0.1 install: `node ./build.js`
134 error Exit status 1
135 error Failed at the fibers@1.0.1 install script 'node ./build.js'.
135 error This is most likely a problem with the fibers package,
135 error not with npm itself.
135 error Tell the author that this fails on your system:
135 error     node ./build.js
135 error You can get their info via:
135 error     npm owner ls fibers
135 error There is likely additional logging output above.
136 verbose exit [ 1, true ]
137 verbose unbuild lib/node_modules/fibers
138 info preuninstall fibers@1.0.1
139 info uninstall fibers@1.0.1
140 verbose unbuild rmStuff fibers@1.0.1 from /usr/lib/node_modules
141 info postuninstall fibers@1.0.1
142 silly gentlyRm /usr/lib/node_modules/fibers is being purged from base /usr
143 verbose gentlyRm don't care about contents; nuking /usr/lib/node_modules/fibers
144 silly vacuum-fs purging /usr/lib/node_modules/fibers
145 silly vacuum-fs quitting because other entries in /usr/lib/node_modules
